{"/mnt/safe/projects/ghpages/github-widgets/src/github-widget.js":{"path":"/mnt/safe/projects/ghpages/github-widgets/src/github-widget.js","s":{"1":1,"2":1,"3":0,"4":0,"5":0,"6":0,"7":0,"8":0,"9":0,"10":0,"11":0,"12":0,"13":0,"14":0,"15":0,"16":0,"17":0,"18":0},"b":{"1":[0,0],"2":[0,0],"3":[0,0],"4":[0,0],"5":[0,0],"6":[0,0]},"f":{"1":1,"2":0,"3":0,"4":0,"5":0,"6":0,"7":0,"8":0,"9":0},"fnMap":{"1":{"name":"(anonymous_1)","line":1,"loc":{"start":{"line":1,"column":1},"end":{"line":1,"column":20}}},"2":{"name":"(anonymous_2)","line":5,"loc":{"start":{"line":5,"column":2},"end":{"line":5,"column":18}}},"3":{"name":"(anonymous_3)","line":8,"loc":{"start":{"line":8,"column":44},"end":{"line":8,"column":61}}},"4":{"name":"(anonymous_4)","line":11,"loc":{"start":{"line":11,"column":42},"end":{"line":11,"column":59}}},"5":{"name":"(anonymous_5)","line":15,"loc":{"start":{"line":15,"column":42},"end":{"line":15,"column":62}}},"6":{"name":"(anonymous_6)","line":19,"loc":{"start":{"line":19,"column":43},"end":{"line":19,"column":63}}},"7":{"name":"(anonymous_7)","line":22,"loc":{"start":{"line":22,"column":41},"end":{"line":22,"column":73}}},"8":{"name":"(anonymous_8)","line":39,"loc":{"start":{"line":39,"column":15},"end":{"line":39,"column":34}}},"9":{"name":"(anonymous_9)","line":50,"loc":{"start":{"line":50,"column":18},"end":{"line":50,"column":48}}}},"statementMap":{"1":{"start":{"line":1,"column":0},"end":{"line":54,"column":4}},"2":{"start":{"line":3,"column":4},"end":{"line":3,"column":27}},"3":{"start":{"line":8,"column":4},"end":{"line":10,"column":7}},"4":{"start":{"line":9,"column":8},"end":{"line":9,"column":60}},"5":{"start":{"line":11,"column":4},"end":{"line":13,"column":7}},"6":{"start":{"line":12,"column":8},"end":{"line":13,"column":4}},"7":{"start":{"line":15,"column":4},"end":{"line":17,"column":7}},"8":{"start":{"line":16,"column":8},"end":{"line":16,"column":60}},"9":{"start":{"line":19,"column":4},"end":{"line":21,"column":7}},"10":{"start":{"line":20,"column":8},"end":{"line":20,"column":60}},"11":{"start":{"line":22,"column":4},"end":{"line":24,"column":7}},"12":{"start":{"line":23,"column":8},"end":{"line":23,"column":47}},"13":{"start":{"line":28,"column":4},"end":{"line":53,"column":7}},"14":{"start":{"line":40,"column":12},"end":{"line":45,"column":13}},"15":{"start":{"line":41,"column":16},"end":{"line":43,"column":17}},"16":{"start":{"line":42,"column":20},"end":{"line":42,"column":52}},"17":{"start":{"line":44,"column":16},"end":{"line":44,"column":63}},"18":{"start":{"line":51,"column":12},"end":{"line":51,"column":103}}},"branchMap":{"1":{"line":12,"type":"cond-expr","locations":[{"start":{"line":12,"column":40},"end":{"line":12,"column":43}},{"start":{"line":12,"column":46},"end":{"line":12,"column":48}}]},"2":{"line":23,"type":"cond-expr","locations":[{"start":{"line":23,"column":32},"end":{"line":23,"column":38}},{"start":{"line":23,"column":41},"end":{"line":23,"column":46}}]},"3":{"line":40,"type":"if","locations":[{"start":{"line":40,"column":12},"end":{"line":40,"column":12}},{"start":{"line":40,"column":12},"end":{"line":40,"column":12}}]},"4":{"line":41,"type":"if","locations":[{"start":{"line":41,"column":16},"end":{"line":41,"column":16}},{"start":{"line":41,"column":16},"end":{"line":41,"column":16}}]},"5":{"line":41,"type":"binary-expr","locations":[{"start":{"line":41,"column":20},"end":{"line":41,"column":48}},{"start":{"line":41,"column":52},"end":{"line":41,"column":69}}]},"6":{"line":51,"type":"cond-expr","locations":[{"start":{"line":51,"column":68},"end":{"line":51,"column":93}},{"start":{"line":51,"column":96},"end":{"line":51,"column":101}}]}}}}